<?xml version="1.0" encoding="UTF-8" ?>
<testsuite tests="10" failures="0" name="Runner.TestRunner" time="30.212" errors="0" skipped="0">
  <properties>
[...]
</properties>
  <testcase classname="Scenario: Verify Virgin Games login with in valid credentials" name="Given I have opened Virgin Games URL in browser" time="0.001"/>
  <testcase classname="Scenario: Verify Virgin Games login with in valid credentials" name="And I navigates the user login" time="0.003"/>
  <testcase classname="Scenario: Verify Virgin Games login with in valid credentials" name="When I enter invalid user credentials" time="0"/>
  <testcase classname="Scenario: Verify Virgin Games login with in valid credentials" name="Then I should be presented with login failed error message" time="0"/>
  <testcase classname="Scenario: Verify Virgin Games login with in valid credentials" name="Scenario: Verify Virgin Games login with in valid credentials" time="0.153"/>
  <testcase classname="Scenario: Verify Virgin Games login with valid credentials" name="Given I have opened Virgin Games URL in browser" time="0"/>
  <testcase classname="Scenario: Verify Virgin Games login with valid credentials" name="And I navigates the user login" time="0"/>
  <testcase classname="Scenario: Verify Virgin Games login with valid credentials" name="When I enter valid user credentials" time="0"/>
  <testcase classname="Scenario: Verify Virgin Games login with valid credentials" name="Then I should be successfully log in" time="0"/>
  <testcase classname="Scenario: Verify Virgin Games login with valid credentials" name="Scenario: Verify Virgin Games login with valid credentials" time="0.256"/>
</testsuite>